<?xml version="1.0" encoding="UTF-8"?>
<!-- Generated by org.testng.reporters.JUnitReportReporter -->
<testsuite hostname="DESKTOP-BH12FSU" name="seleniumtestingNew.amazonDemo" tests="1" failures="0" timestamp="16 Mar 2019 04:23:57 GMT" time="51.334" errors="0">
  <testcase name="Test1" time="51.334" classname="seleniumtestingNew.amazonDemo"/>
</testsuite> <!-- seleniumtestingNew.amazonDemo -->
